<?xml version="1.0" encoding="UTF-8"?>
<!-- Generated by org.testng.reporters.JUnitReportReporter -->
<testsuite hostname="aj-pc" failures="0" tests="1" name="Selenium.Automation.productOrder" time="37.655" errors="0" timestamp="2023-01-23T15:34:31 IST" skipped="0">
  <testcase classname="Selenium.Automation.productOrder" name="orderproduct" time="37.655"/>
  <system-out/>
</testsuite> <!-- Selenium.Automation.productOrder -->
