<?xml version="1.0" encoding="UTF-8"?>
<!-- Generated by org.testng.reporters.JUnitReportReporter -->
<testsuite hostname="aj-pc" failures="0" tests="4" name="Selenium.AutomationTestcases.login_logout_Test" time="29.260" errors="0" timestamp="2023-02-06T17:57:20 IST" skipped="0">
  <testcase classname="Selenium.AutomationTestcases.login_logout_Test" name="loginwithValidTest" time="6.035"/>
  <system-out/>
  <testcase classname="Selenium.AutomationTestcases.login_logout_Test" name="loginwithInvalidDataTest" time="6.134"/>
  <system-out/>
  <testcase classname="Selenium.AutomationTestcases.login_logout_Test" name="loginwithInvalidDataTest" time="9.994"/>
  <system-out/>
  <testcase classname="Selenium.AutomationTestcases.login_logout_Test" name="loginwithValidTest" time="7.097"/>
  <system-out/>
</testsuite> <!-- Selenium.AutomationTestcases.login_logout_Test -->
