<?xml version="1.0" encoding="UTF-8"?>
<!-- Generated by org.testng.reporters.JUnitReportReporter -->
<testsuite hostname="aj-pc" failures="0" tests="2" name="Selenium.AutomationTestcases.errorValidation" time="46.830" errors="0" timestamp="2023-02-01T10:12:30 IST" skipped="0">
  <testcase classname="Selenium.AutomationTestcases.errorValidation" name="loginFailed" time="12.921"/>
  <system-out/>
  <testcase classname="Selenium.AutomationTestcases.errorValidation" name="productValidation" time="33.909"/>
  <system-out/>
</testsuite> <!-- Selenium.AutomationTestcases.errorValidation -->
