<?xml version="1.0" encoding="UTF-8"?>
<!-- Generated by org.testng.reporters.JUnitReportReporter -->
<testsuite hostname="aj-pc" failures="0" tests="2" name="Selenium.AutomationTestcases.errorValidationTest" time="96.665" errors="0" timestamp="2023-02-08T12:47:49 IST" skipped="0">
  <testcase classname="Selenium.AutomationTestcases.errorValidationTest" name="loginFailed" time="51.968"/>
  <system-out/>
  <testcase classname="Selenium.AutomationTestcases.errorValidationTest" name="productValidation" time="44.697"/>
  <system-out/>
</testsuite> <!-- Selenium.AutomationTestcases.errorValidationTest -->
