<?xml version="1.0" encoding="UTF-8"?>
<!-- Generated by org.testng.reporters.JUnitReportReporter -->
<testsuite hostname="aj-pc" failures="0" tests="2" name="Selenium.AutomationTestcases.errorValidationTest" time="28.999" errors="0" timestamp="2023-02-09T11:44:30 IST" skipped="0">
  <testcase classname="Selenium.AutomationTestcases.errorValidationTest" name="productValidation" time="21.906"/>
  <system-out/>
  <testcase classname="Selenium.AutomationTestcases.errorValidationTest" name="loginFailed" time="7.093"/>
  <system-out/>
</testsuite> <!-- Selenium.AutomationTestcases.errorValidationTest -->
