<?xml version="1.0" encoding="UTF-8"?>
<!-- Generated by org.testng.reporters.JUnitReportReporter -->
<testsuite hostname="aj-pc" failures="0" tests="3" name="Selenium.AutomationTestcases.productOrderTest" time="161.430" errors="0" timestamp="2023-02-09T11:44:30 IST" skipped="0">
  <testcase classname="Selenium.AutomationTestcases.productOrderTest" name="deleteOrderProduct" time="33.611"/>
  <system-out/>
  <testcase classname="Selenium.AutomationTestcases.productOrderTest" name="orderproduct" time="30.586"/>
  <system-out/>
  <testcase classname="Selenium.AutomationTestcases.productOrderTest" name="orderConfirmation" time="97.233"/>
  <system-out/>
</testsuite> <!-- Selenium.AutomationTestcases.productOrderTest -->
