<?xml version="1.0" encoding="UTF-8"?>
<!-- Generated by org.testng.reporters.JUnitReportReporter -->
<testsuite hostname="aj-pc" failures="0" tests="3" name="Selenium.AutomationTestcases.productOrder" time="42.406" errors="0" timestamp="2023-02-01T10:12:30 IST" skipped="0">
  <testcase classname="Selenium.AutomationTestcases.productOrder" name="deleteOrderProduct" time="14.142"/>
  <system-out/>
  <testcase classname="Selenium.AutomationTestcases.productOrder" name="orderproduct" time="10.369"/>
  <system-out/>
  <testcase classname="Selenium.AutomationTestcases.productOrder" name="orderConfirmation" time="17.895"/>
  <system-out/>
</testsuite> <!-- Selenium.AutomationTestcases.productOrder -->
