<?xml version="1.0" encoding="UTF-8"?>
<!-- Generated by org.testng.reporters.JUnitReportReporter -->
<testsuite hostname="aj-pc" failures="0" tests="3" name="Selenium.AutomationTestcases.productOrderTest" time="41.276" errors="0" timestamp="2023-02-07T10:41:59 IST" skipped="0">
  <testcase classname="Selenium.AutomationTestcases.productOrderTest" name="deleteOrderProduct" time="11.840"/>
  <system-out/>
  <testcase classname="Selenium.AutomationTestcases.productOrderTest" name="orderproduct" time="14.482"/>
  <system-out/>
  <testcase classname="Selenium.AutomationTestcases.productOrderTest" name="orderConfirmation" time="14.954"/>
  <system-out/>
</testsuite> <!-- Selenium.AutomationTestcases.productOrderTest -->
