<?xml version="1.0" encoding="UTF-8"?>
<!-- Generated by org.testng.reporters.JUnitReportReporter -->
<testsuite hostname="aj-pc" failures="0" tests="2" name="Selenium.AutomationTestcases.errorValidationTest" time="39.906" errors="0" timestamp="2023-02-03T17:02:26 IST" skipped="0">
  <testcase classname="Selenium.AutomationTestcases.errorValidationTest" name="loginFailed" time="15.758"/>
  <system-out/>
  <testcase classname="Selenium.AutomationTestcases.errorValidationTest" name="productValidation" time="24.148"/>
  <system-out/>
</testsuite> <!-- Selenium.AutomationTestcases.errorValidationTest -->
