<?xml version="1.0" encoding="UTF-8"?>
<!-- Generated by org.testng.reporters.JUnitReportReporter -->
<testsuite hostname="aj-pc" failures="0" tests="4" name="Selenium.AutomationTestcases.login_logout_Test" time="63.009" errors="0" timestamp="2023-02-03T17:02:26 IST" skipped="0">
  <testcase classname="Selenium.AutomationTestcases.login_logout_Test" name="loginwithInvalidDataTest" time="17.764"/>
  <system-out/>
  <testcase classname="Selenium.AutomationTestcases.login_logout_Test" name="loginwithInvalidDataTest" time="14.526"/>
  <system-out/>
  <testcase classname="Selenium.AutomationTestcases.login_logout_Test" name="loginwithValidTest" time="15.324"/>
  <system-out/>
  <testcase classname="Selenium.AutomationTestcases.login_logout_Test" name="loginwithValidTest" time="15.395"/>
  <system-out/>
</testsuite> <!-- Selenium.AutomationTestcases.login_logout_Test -->
