<?xml version="1.0" encoding="UTF-8"?>
<!-- Generated by org.testng.reporters.JUnitReportReporter -->
<testsuite hostname="aj-pc" failures="0" tests="2" name="Selenium.AutomationTestcases.errorValidationTest" time="23.344" errors="0" timestamp="2023-02-07T10:27:25 IST" skipped="0">
  <testcase classname="Selenium.AutomationTestcases.errorValidationTest" name="loginFailed" time="5.504"/>
  <system-out/>
  <testcase classname="Selenium.AutomationTestcases.errorValidationTest" name="productValidation" time="17.840"/>
  <system-out/>
</testsuite> <!-- Selenium.AutomationTestcases.errorValidationTest -->
